# JRE version: Java(TM) SE Runtime Environment (8.0_212-b10) (build 1.8.0_212-b10)
# Java VM: Java HotSpot(TM) 64-Bit Server VM (25.212-b10 mixed mode linux-amd64 compressed oops)
Heap:
 PSYoungGen      total 419328K, used 270487K [0x00000006c4800000, 0x00000006e0100000, 0x00000007c0000000)
  eden space 387072K, 61% used [0x00000006c4800000,0x00000006d30abd58,0x00000006dc200000)
  from space 32256K, 99% used [0x00000006de180000,0x00000006e00f9f88,0x00000006e0100000)
  to   space 32256K, 0% used [0x00000006dc200000,0x00000006dc200000,0x00000006de180000)
 ParOldGen       total 516096K, used 30343K [0x00000004cd800000, 0x00000004ed000000, 0x00000006c4800000)
  object space 516096K, 5% used [0x00000004cd800000,0x00000004cf5a1cc0,0x00000004ed000000)
 Metaspace       used 19604K, capacity 19784K, committed 20096K, reserved 1067008K
  class space    used 2246K, capacity 2312K, committed 2432K, reserved 1048576K
GC Heap History (4 events):
Event: 2.306 GC heap before
{Heap before GC invocations=1 (full 0):
 PSYoungGen      total 225792K, used 193536K [0x00000006c4800000, 0x00000006d4400000, 0x00000007c0000000)
  eden space 193536K, 100% used [0x00000006c4800000,0x00000006d0500000,0x00000006d0500000)
  from space 32256K, 0% used [0x00000006d2480000,0x00000006d2480000,0x00000006d4400000)
  to   space 32256K, 0% used [0x00000006d0500000,0x00000006d0500000,0x00000006d2480000)
 ParOldGen       total 516096K, used 0K [0x00000004cd800000, 0x00000004ed000000, 0x00000006c4800000)
  object space 516096K, 0% used [0x00000004cd800000,0x00000004cd800000,0x00000004ed000000)
 Metaspace       used 19135K, capacity 19356K, committed 19456K, reserved 1067008K
  class space    used 2197K, capacity 2278K, committed 2304K, reserved 1048576K
Event: 2.366 GC heap after
Heap after GC invocations=1 (full 0):
 PSYoungGen      total 225792K, used 27481K [0x00000006c4800000, 0x00000006e0100000, 0x00000007c0000000)
  eden space 193536K, 0% used [0x00000006c4800000,0x00000006c4800000,0x00000006d0500000)
  from space 32256K, 85% used [0x00000006d0500000,0x00000006d1fd6670,0x00000006d2480000)
  to   space 32256K, 0% used [0x00000006de180000,0x00000006de180000,0x00000006e0100000)
 ParOldGen       total 516096K, used 16K [0x00000004cd800000, 0x00000004ed000000, 0x00000006c4800000)
  object space 516096K, 0% used [0x00000004cd800000,0x00000004cd804000,0x00000004ed000000)
 Metaspace       used 19135K, capacity 19356K, committed 19456K, reserved 1067008K
  class space    used 2197K, capacity 2278K, committed 2304K, reserved 1048576K
}
Event: 2.940 GC heap before
{Heap before GC invocations=2 (full 0):
 PSYoungGen      total 225792K, used 221017K [0x00000006c4800000, 0x00000006e0100000, 0x00000007c0000000)
  eden space 193536K, 100% used [0x00000006c4800000,0x00000006d0500000,0x00000006d0500000)
  from space 32256K, 85% used [0x00000006d0500000,0x00000006d1fd6670,0x00000006d2480000)
  to   space 32256K, 0% used [0x00000006de180000,0x00000006de180000,0x00000006e0100000)
 ParOldGen       total 516096K, used 16K [0x00000004cd800000, 0x00000004ed000000, 0x00000006c4800000)
  object space 516096K, 0% used [0x00000004cd800000,0x00000004cd804000,0x00000004ed000000)
 Metaspace       used 19167K, capacity 19356K, committed 19456K, reserved 1067008K
  class space    used 2199K, capacity 2278K, committed 2304K, reserved 1048576K
Event: 3.056 GC heap after
Heap after GC invocations=2 (full 0):
 PSYoungGen      total 419328K, used 32231K [0x00000006c4800000, 0x00000006e0100000, 0x00000007c0000000)
  eden space 387072K, 0% used [0x00000006c4800000,0x00000006c4800000,0x00000006dc200000)
  from space 32256K, 99% used [0x00000006de180000,0x00000006e00f9f88,0x00000006e0100000)
  to   space 32256K, 0% used [0x00000006dc200000,0x00000006dc200000,0x00000006de180000)
 ParOldGen       total 516096K, used 30343K [0x00000004cd800000, 0x00000004ed000000, 0x00000006c4800000)
  object space 516096K, 5% used [0x00000004cd800000,0x00000004cf5a1cc0,0x00000004ed000000)
 Metaspace       used 19167K, capacity 19356K, committed 19456K, reserved 1067008K
  class space    used 2199K, capacity 2278K, committed 2304K, reserved 1048576K
}

